<?xml version="1.0" encoding="UTF-8"?>
<testsuite name="com.example.ApiRestSinPaginacion.ApiRestSinPaginacionApplicationTests" tests="1" skipped="0" failures="0" errors="0" timestamp="2023-10-02T20:33:38" hostname="MAR" time="1.061">
  <properties/>
  <testcase name="contextLoads()" classname="com.example.ApiRestSinPaginacion.ApiRestSinPaginacionApplicationTests" time="1.061"/>
  <system-out><![CDATA[17:33:31.013 [Test worker] INFO org.springframework.test.context.support.AnnotationConfigContextLoaderUtils -- Could not detect default configuration classes for test class [com.example.ApiRestSinPaginacion.ApiRestSinPaginacionApplicationTests]: ApiRestSinPaginacionApplicationTests does not declare any static, non-private, non-final, nested classes annotated with @Configuration.
17:33:31.141 [Test worker] INFO org.springframework.boot.test.context.SpringBootTestContextBootstrapper -- Found @SpringBootConfiguration com.example.ApiRestSinPaginacion.ApiRestSinPaginacionApplication for test class com.example.ApiRestSinPaginacion.ApiRestSinPaginacionApplicationTests

  .   ____          _            __ _ _
 /\\ / ___'_ __ _ _(_)_ __  __ _ \ \ \ \
( ( )\___ | '_ | '_| | '_ \/ _` | \ \ \ \
 \\/  ___)| |_)| | | | | || (_| |  ) ) ) )
  '  |____| .__|_| |_|_| |_\__, | / / / /
 =========|_|==============|___/=/_/_/_/
 :: Spring Boot ::                (v3.1.4)

2023-10-02T17:33:31.912-03:00  INFO 16920 --- [    Test worker] e.A.ApiRestSinPaginacionApplicationTests : Starting ApiRestSinPaginacionApplicationTests using Java 17.0.8.1 with PID 16920 (started by marti in C:\Users\marti\Desktop\ESCUELA\uni\3ER AÑO\Desarrollo SW\JPA\ApiRestSinPaginacion)
2023-10-02T17:33:31.914-03:00  INFO 16920 --- [    Test worker] e.A.ApiRestSinPaginacionApplicationTests : No active profile set, falling back to 1 default profile: "default"
2023-10-02T17:33:33.108-03:00  INFO 16920 --- [    Test worker] .s.d.r.c.RepositoryConfigurationDelegate : Bootstrapping Spring Data JPA repositories in DEFAULT mode.
2023-10-02T17:33:33.216-03:00  INFO 16920 --- [    Test worker] .s.d.r.c.RepositoryConfigurationDelegate : Finished Spring Data repository scanning in 99 ms. Found 5 JPA repository interfaces.
2023-10-02T17:33:34.032-03:00  INFO 16920 --- [    Test worker] o.hibernate.jpa.internal.util.LogHelper  : HHH000204: Processing PersistenceUnitInfo [name: default]
2023-10-02T17:33:34.115-03:00  INFO 16920 --- [    Test worker] org.hibernate.Version                    : HHH000412: Hibernate ORM core version 6.2.9.Final
2023-10-02T17:33:34.118-03:00  INFO 16920 --- [    Test worker] org.hibernate.cfg.Environment            : HHH000406: Using bytecode reflection optimizer
2023-10-02T17:33:34.336-03:00  INFO 16920 --- [    Test worker] o.h.b.i.BytecodeProviderInitiator        : HHH000021: Bytecode provider name : bytebuddy
2023-10-02T17:33:34.517-03:00  INFO 16920 --- [    Test worker] o.s.o.j.p.SpringPersistenceUnitInfo      : No LoadTimeWeaver setup: ignoring JPA class transformer
2023-10-02T17:33:34.539-03:00  INFO 16920 --- [    Test worker] com.zaxxer.hikari.HikariDataSource       : HikariPool-1 - Starting...
2023-10-02T17:33:34.792-03:00  INFO 16920 --- [    Test worker] com.zaxxer.hikari.pool.HikariPool        : HikariPool-1 - Added connection conn0: url=jdbc:h2:mem:./betodb user=SA
2023-10-02T17:33:34.795-03:00  INFO 16920 --- [    Test worker] com.zaxxer.hikari.HikariDataSource       : HikariPool-1 - Start completed.
2023-10-02T17:33:35.146-03:00  INFO 16920 --- [    Test worker] o.h.b.i.BytecodeProviderInitiator        : HHH000021: Bytecode provider name : bytebuddy
2023-10-02T17:33:35.922-03:00  INFO 16920 --- [    Test worker] o.h.e.t.j.p.i.JtaPlatformInitiator       : HHH000490: Using JtaPlatform implementation: [org.hibernate.engine.transaction.jta.platform.internal.NoJtaPlatform]
Hibernate: create table autor (id bigint generated by default as identity, apellido varchar(255), biografia varchar(255), nombre varchar(255), primary key (id))
Hibernate: create table autor_libros (autor_id bigint not null, libros_id bigint not null)
Hibernate: create table domicilio (id bigint generated by default as identity, calle varchar(255), numero integer not null, localidad_id bigint, primary key (id))
Hibernate: create table libro (id bigint generated by default as identity, fecha integer not null, genero varchar(255), paginas integer not null, titulo varchar(255), primary key (id))
Hibernate: create table libro_autores (libro_id bigint not null, autores_id bigint not null)
Hibernate: create table localidad (id bigint generated by default as identity, denominacion varchar(255), primary key (id))
Hibernate: create table persona (id bigint generated by default as identity, apellido varchar(255), dni integer not null, nombre varchar(255), domicilio_id bigint, primary key (id))
Hibernate: alter table if exists persona drop constraint if exists UK_k2cp7qbfi780x0x5x0y42pnj6
Hibernate: alter table if exists persona add constraint UK_k2cp7qbfi780x0x5x0y42pnj6 unique (domicilio_id)
Hibernate: alter table if exists autor_libros add constraint FKby05b2al3e3in51fyvg3hig0j foreign key (libros_id) references libro
Hibernate: alter table if exists autor_libros add constraint FK9lq0d171xgdo41t4idm57wddp foreign key (autor_id) references autor
Hibernate: alter table if exists domicilio add constraint FK8t63gx4v022qapv45vdwld71j foreign key (localidad_id) references localidad
Hibernate: alter table if exists libro_autores add constraint FK4n6u17jdtrjai8yitxsmm7tly foreign key (autores_id) references autor
Hibernate: alter table if exists libro_autores add constraint FKsoheqe18ertlksjno9y33x0am foreign key (libro_id) references libro
Hibernate: alter table if exists persona add constraint FKn3vkpx4b7w8srg10ohh1upive foreign key (domicilio_id) references domicilio
2023-10-02T17:33:36.034-03:00  INFO 16920 --- [    Test worker] j.LocalContainerEntityManagerFactoryBean : Initialized JPA EntityManagerFactory for persistence unit 'default'
2023-10-02T17:33:37.137-03:00  WARN 16920 --- [    Test worker] JpaBaseConfiguration$JpaWebConfiguration : spring.jpa.open-in-view is enabled by default. Therefore, database queries may be performed during view rendering. Explicitly configure spring.jpa.open-in-view to disable this warning
2023-10-02T17:33:38.195-03:00  INFO 16920 --- [    Test worker] o.s.b.a.h2.H2ConsoleAutoConfiguration    : H2 console available at '/h2-console'. Database available at 'jdbc:h2:mem:./betodb'
2023-10-02T17:33:38.272-03:00  INFO 16920 --- [    Test worker] e.A.ApiRestSinPaginacionApplicationTests : Started ApiRestSinPaginacionApplicationTests in 6.644 seconds (process running for 8.804)
]]></system-out>
  <system-err><![CDATA[]]></system-err>
</testsuite>
